<?xml version="1.0" encoding="UTF-8"?>
<!-- Generated by org.testng.reporters.JUnitXMLReporter -->
<testsuite ignored="0" hostname="MSI" failures="1" tests="5" name="Test2" time="0.076" errors="0" timestamp="2024-07-16T11:20:13 IST">
  <testcase classname="testNGExample.TestNgAnnotationExample" name="verifyLogin" time="0.007"/>
  <testcase classname="testNGExample.TestNgAnnotationExample" name="verifyLogout" time="0.001"/>
  <testcase classname="testNGExample.TestNgAnnotationExample" name="verifypayment" time="0.002"/>
  <testcase classname="testNGExample.AmaoznTestExample" name="verifyPaymentFeature" time="0.01">
    <failure type="java.lang.AssertionError" message="expected [true] but found [false]">
      <![CDATA[java.lang.AssertionError: expected [true] but found [false]
at testNGExample.AmaoznTestExample.verifyPaymentFeature(AmaoznTestExample.java:22)
at java.base/java.util.ArrayList.forEach(ArrayList.java:1511)
... Removed 31 stack frames]]>
    </failure>
  </testcase> <!-- verifyPaymentFeature -->
  <testcase classname="testNGExample.AmaoznTestExample" name="verifySearchFeature" time="0.003"/>
</testsuite> <!-- Test2 -->
